<?xml version="1.0" encoding="UTF-8"?>
<testng-results ignored="0" total="1" passed="1" failed="0" skipped="0">
  <reporter-output>
  </reporter-output>
  <suite started-at="2023-02-23T08:09:49Z" name="Default suite" finished-at="2023-02-23T08:09:50Z" duration-ms="1142">
    <groups>
    </groups>
    <test started-at="2023-02-23T08:09:49Z" name="Default test" finished-at="2023-02-23T08:09:50Z" duration-ms="1142">
      <class name="workout.TestNGdatadriven">
        <test-method signature="data()[pri:0, instance:workout.TestNGdatadriven@37271612]" started-at="2023-02-23T08:09:49Z" name="data" finished-at="2023-02-23T08:09:50Z" duration-ms="1092" status="PASS">
          <reporter-output>
          </reporter-output>
        </test-method> <!-- data -->
      </class> <!-- workout.TestNGdatadriven -->
    </test> <!-- Default test -->
  </suite> <!-- Default suite -->
</testng-results>
